=== شروع فرآیند واردسازی کتاب‌ها در Fri May  9 12:28:15 +0330 2025 ===
شروع از ID: 126601
پردازش دسته از ID 126601 تا ID 127600...
دسته کامل شد. موقعیت فعلی: 127601
پردازش دسته از ID 127601 تا ID 128600...
دسته کامل شد. موقعیت فعلی: 128601
پردازش دسته از ID 128601 تا ID 129600...
دسته کامل شد. موقعیت فعلی: 129601
دریافت سیگنال توقف. ذخیره‌سازی پیشرفت و خروج...
=== شروع فرآیند واردسازی کتاب‌ها در Fri May  9 12:30:49 +0330 2025 ===
شروع از ID: 1
پردازش دسته از ID 1 تا ID 1000...
دسته کامل شد. موقعیت فعلی: 1001
پردازش دسته از ID 1001 تا ID 2000...
دسته کامل شد. موقعیت فعلی: 2001
دریافت سیگنال توقف. ذخیره‌سازی پیشرفت و خروج...
=== شروع فرآیند واردسازی کتاب‌ها در Fri May  9 12:31:30 +0330 2025 ===
شروع از ID: 2001
پردازش دسته از ID 2001 تا ID 3000...
دسته کامل شد. موقعیت فعلی: 3001
دریافت سیگنال توقف. ذخیره‌سازی پیشرفت و خروج...
